<?xml version="1.0" encoding="UTF-8"?>
<testsuite name="cpm.shashank.devops.kpi.buildtime.EventLogsFileProcessorTest" tests="8" skipped="0" failures="0" errors="0" timestamp="2021-06-09T18:01:15" hostname="ASUS-VIVOBOOK" time="18.432">
  <properties/>
  <testcase name="readSingleLogDataAndFail" classname="cpm.shashank.devops.kpi.buildtime.EventLogsFileProcessorTest" time="3.552"/>
  <testcase name="findAlertTakingMoreThan4s" classname="cpm.shashank.devops.kpi.buildtime.EventLogsFileProcessorTest" time="2.132"/>
  <testcase name="shouldProcessWithCompleteLogData" classname="cpm.shashank.devops.kpi.buildtime.EventLogsFileProcessorTest" time="2.124"/>
  <testcase name="returnUnprocessedLogsData" classname="cpm.shashank.devops.kpi.buildtime.EventLogsFileProcessorTest" time="2.118"/>
  <testcase name="partialCorrectPartialIncomplete" classname="cpm.shashank.devops.kpi.buildtime.EventLogsFileProcessorTest" time="2.121"/>
  <testcase name="findAlertTakingMoreThan7s" classname="cpm.shashank.devops.kpi.buildtime.EventLogsFileProcessorTest" time="2.125"/>
  <testcase name="assignmentData" classname="cpm.shashank.devops.kpi.buildtime.EventLogsFileProcessorTest" time="2.133"/>
  <testcase name="finishedEventLogOccurringBeforeStartedEventLog" classname="cpm.shashank.devops.kpi.buildtime.EventLogsFileProcessorTest" time="2.124"/>
  <system-out><![CDATA[23:31:16.133 [Test worker] INFO  c.s.d.k.b.EventLogsFileProcessorTest - Test : readSingleLogDataAndFail
23:31:19.283 [Test worker] INFO  c.s.d.k.p.EventLogsFileProcessor - Processing of file completed.
23:31:19.293 [Test worker] INFO  c.s.d.k.p.EventLogsFileProcessor - 
 ---------------------------------------------------------------
 Incomplete / Unprocessed events :	 {scsmbstgra=EventLog(id=scsmbstgra, state=STARTED, timestamp=1491377495212, type=APPLICATION_LOG, host=12345)} |
 Processed events :			 [] |
 Events took more than threshold:	 [] |
 -------------------------------------------------------------



23:31:19.302 [Test worker] INFO  c.s.d.k.b.EventLogsFileProcessorTest - Test : findAlertTakingMoreThan4s
23:31:21.431 [Test worker] INFO  c.s.d.k.p.EventLogsFileProcessor - Processing of file completed.
23:31:21.432 [Test worker] INFO  c.s.d.k.p.EventLogsFileProcessor - 
 ---------------------------------------------------------------
 Incomplete / Unprocessed events :	 {} |
 Processed events :			 [ProcessedEntity(processId=scsmbstgra, duration=5, host=12345, type=APPLICATION_LOG), ProcessedEntity(processId=scsmbstgrc, duration=8, host=null, type=null), ProcessedEntity(processId=scsmbstgrb, duration=3, host=null, type=null)] |
 Events took more than threshold:	 [ProcessedEntity(processId=scsmbstgra, duration=5, host=12345, type=APPLICATION_LOG), ProcessedEntity(processId=scsmbstgrc, duration=8, host=null, type=null)] |
 -------------------------------------------------------------



23:31:21.434 [Test worker] INFO  c.s.d.k.b.EventLogsFileProcessorTest - Test : shouldProcessWithCompleteLogData
23:31:23.555 [Test worker] INFO  c.s.d.k.p.EventLogsFileProcessor - Processing of file completed.
23:31:23.556 [Test worker] INFO  c.s.d.k.p.EventLogsFileProcessor - 
 ---------------------------------------------------------------
 Incomplete / Unprocessed events :	 {} |
 Processed events :			 [ProcessedEntity(processId=scsmbstgra, duration=5, host=12345, type=APPLICATION_LOG)] |
 Events took more than threshold:	 [ProcessedEntity(processId=scsmbstgra, duration=5, host=12345, type=APPLICATION_LOG)] |
 -------------------------------------------------------------



23:31:23.558 [Test worker] INFO  c.s.d.k.b.EventLogsFileProcessorTest - Test : returnUnprocessedLogsData
23:31:25.674 [Test worker] INFO  c.s.d.k.p.EventLogsFileProcessor - Processing of file completed.
23:31:25.676 [Test worker] INFO  c.s.d.k.p.EventLogsFileProcessor - 
 ---------------------------------------------------------------
 Incomplete / Unprocessed events :	 {scsmbstgra=EventLog(id=scsmbstgra, state=STARTED, timestamp=1491377495212, type=APPLICATION_LOG, host=12345), scsmbstgrb=EventLog(id=scsmbstgrb, state=STARTED, timestamp=1491377495213, type=null, host=null)} |
 Processed events :			 [] |
 Events took more than threshold:	 [] |
 -------------------------------------------------------------



23:31:25.677 [Test worker] INFO  c.s.d.k.b.EventLogsFileProcessorTest - Test : partialCorrectPartialIncomplete
23:31:27.795 [Test worker] INFO  c.s.d.k.p.EventLogsFileProcessor - Processing of file completed.
23:31:27.796 [Test worker] INFO  c.s.d.k.p.EventLogsFileProcessor - 
 ---------------------------------------------------------------
 Incomplete / Unprocessed events :	 {scsmbstgrb=EventLog(id=scsmbstgrb, state=STARTED, timestamp=1491377495213, type=null, host=null)} |
 Processed events :			 [ProcessedEntity(processId=scsmbstgra, duration=10, host=12345, type=APPLICATION_LOG)] |
 Events took more than threshold:	 [ProcessedEntity(processId=scsmbstgra, duration=10, host=12345, type=APPLICATION_LOG)] |
 -------------------------------------------------------------



23:31:27.798 [Test worker] INFO  c.s.d.k.b.EventLogsFileProcessorTest - Test : findAlertTakingMoreThan7s
23:31:29.921 [Test worker] INFO  c.s.d.k.p.EventLogsFileProcessor - Processing of file completed.
23:31:29.922 [Test worker] INFO  c.s.d.k.p.EventLogsFileProcessor - 
 ---------------------------------------------------------------
 Incomplete / Unprocessed events :	 {} |
 Processed events :			 [ProcessedEntity(processId=scsmbstgra, duration=5, host=12345, type=APPLICATION_LOG), ProcessedEntity(processId=scsmbstgrc, duration=8, host=null, type=null), ProcessedEntity(processId=scsmbstgrb, duration=3, host=null, type=null)] |
 Events took more than threshold:	 [ProcessedEntity(processId=scsmbstgra, duration=5, host=12345, type=APPLICATION_LOG), ProcessedEntity(processId=scsmbstgrc, duration=8, host=null, type=null)] |
 -------------------------------------------------------------



23:31:29.924 [Test worker] INFO  c.s.d.k.b.EventLogsFileProcessorTest - Test : assignmentData
23:31:32.054 [Test worker] INFO  c.s.d.k.p.EventLogsFileProcessor - Processing of file completed.
23:31:32.055 [Test worker] INFO  c.s.d.k.p.EventLogsFileProcessor - 
 ---------------------------------------------------------------
 Incomplete / Unprocessed events :	 {} |
 Processed events :			 [ProcessedEntity(processId=scsmbstgra, duration=5, host=12345, type=APPLICATION_LOG), ProcessedEntity(processId=scsmbstgrc, duration=8, host=null, type=null), ProcessedEntity(processId=scsmbstgrb, duration=3, host=null, type=null)] |
 Events took more than threshold:	 [ProcessedEntity(processId=scsmbstgra, duration=5, host=12345, type=APPLICATION_LOG), ProcessedEntity(processId=scsmbstgrc, duration=8, host=null, type=null)] |
 -------------------------------------------------------------



23:31:32.056 [Test worker] INFO  c.s.d.k.b.EventLogsFileProcessorTest - Test : finishedEventLogOccurringBeforeStartedEventLog
23:31:34.179 [Test worker] INFO  c.s.d.k.p.EventLogsFileProcessor - Processing of file completed.
23:31:34.180 [Test worker] INFO  c.s.d.k.p.EventLogsFileProcessor - 
 ---------------------------------------------------------------
 Incomplete / Unprocessed events :	 {} |
 Processed events :			 [ProcessedEntity(processId=scsmbstgra, duration=5, host=12345, type=APPLICATION_LOG)] |
 Events took more than threshold:	 [ProcessedEntity(processId=scsmbstgra, duration=5, host=12345, type=APPLICATION_LOG)] |
 -------------------------------------------------------------



]]></system-out>
  <system-err><![CDATA[Jun 09, 2021 11:31:16 PM org.hsqldb.persist.Logger logInfoEvent
INFO: checkpointClose start
Jun 09, 2021 11:31:16 PM org.hsqldb.persist.Logger logInfoEvent
INFO: checkpointClose synched
Jun 09, 2021 11:31:16 PM org.hsqldb.persist.Logger logInfoEvent
INFO: checkpointClose script done
Jun 09, 2021 11:31:16 PM org.hsqldb.persist.Logger logInfoEvent
INFO: checkpointClose end
]]></system-err>
</testsuite>
