<?xml version="1.0" encoding="UTF-8"?>
<testsuite name="cpm.shashank.devops.kpi.buildtime.EventParametersValidatorTest" tests="4" skipped="0" failures="0" errors="0" timestamp="2021-06-09T18:01:34" hostname="ASUS-VIVOBOOK" time="0.022">
  <properties/>
  <testcase name="shouldUseDefaultThreadPoolSizeIfTheNumberOfThreadsHasWrongFormat" classname="cpm.shashank.devops.kpi.buildtime.EventParametersValidatorTest" time="0.021"/>
  <testcase name="shouldThrowAnFilePathMissingExceptionWhenThereIsNotAnyParameter" classname="cpm.shashank.devops.kpi.buildtime.EventParametersValidatorTest" time="0.001"/>
  <testcase name="shouldUseThreadPoolSizePassedAsParameter" classname="cpm.shashank.devops.kpi.buildtime.EventParametersValidatorTest" time="0.0"/>
  <testcase name="shouldUseDefaultThreadPoolSizeIfTheNumberOfThreadsParameterIsNotPassed" classname="cpm.shashank.devops.kpi.buildtime.EventParametersValidatorTest" time="0.0"/>
  <system-out><![CDATA[23:31:34.222 [Test worker] INFO  c.s.d.k.p.EventParametersValidator - I am not a number should be a number
23:31:34.223 [Test worker] INFO  c.s.d.k.p.EventParametersValidator - Using Default thread pool size: 1
23:31:34.223 [Test worker] INFO  c.s.d.k.p.EventParametersValidator - Using default threshold : 4
23:31:34.224 [Test worker] ERROR c.s.d.k.p.EventParametersValidator - File path parameter is missing
23:31:34.224 [Test worker] INFO  c.s.d.k.p.EventParametersValidator - Using default threshold : 4
23:31:34.224 [Test worker] INFO  c.s.d.k.p.EventParametersValidator - Default thread pool size: 1
23:31:34.224 [Test worker] INFO  c.s.d.k.p.EventParametersValidator - Using default threshold : 4
]]></system-out>
  <system-err><![CDATA[]]></system-err>
</testsuite>
